# JRE version: OpenJDK Runtime Environment (17.0.10) (build 17.0.10+0--11609105)
# Java VM: OpenJDK 64-Bit Server VM (17.0.10+0--11609105, mixed mode, tiered, compressed oops, compressed class ptrs, g1 gc, windows-amd64)
GC Precious Log:
 CPUs: 4 total, 4 available
 Memory: 7930M
 Large Page Support: Disabled
 NUMA Support: Disabled
 Compressed Oops: Enabled (32-bit)
 Heap Region Size: 1M
 Heap Min Capacity: 8M
 Heap Initial Capacity: 124M
 Heap Max Capacity: 2G
 Pre-touch: Disabled
 Parallel Workers: 4
 Concurrent Workers: 1
 Concurrent Refinement Workers: 4
 Periodic GC: Disabled
Heap:
 garbage-first heap   total 220160K, used 112444K [0x0000000080000000, 0x0000000100000000)
  region size 1024K, 2 young (2048K), 2 survivors (2048K)
 Metaspace       used 102446K, committed 103296K, reserved 1179648K
  class space    used 13979K, committed 14400K, reserved 1048576K
GC Heap History (20 events):
Event: 19.463 GC heap after
{Heap after GC invocations=33 (full 0):
 garbage-first heap   total 141312K, used 68427K [0x0000000080000000, 0x0000000100000000)
  region size 1024K, 2 young (2048K), 2 survivors (2048K)
 Metaspace       used 82914K, committed 83584K, reserved 1179648K
  class space    used 11383K, committed 11712K, reserved 1048576K
}
Event: 19.545 GC heap before
{Heap before GC invocations=33 (full 0):
 garbage-first heap   total 141312K, used 71499K [0x0000000080000000, 0x0000000100000000)
  region size 1024K, 6 young (6144K), 2 survivors (2048K)
 Metaspace       used 83210K, committed 83776K, reserved 1179648K
  class space    used 11441K, committed 11712K, reserved 1048576K
}
Event: 19.549 GC heap after
{Heap after GC invocations=34 (full 0):
 garbage-first heap   total 141312K, used 67841K [0x0000000080000000, 0x0000000100000000)
  region size 1024K, 1 young (1024K), 1 survivors (1024K)
 Metaspace       used 83210K, committed 83776K, reserved 1179648K
  class space    used 11441K, committed 11712K, reserved 1048576K
}
Event: 20.485 GC heap before
{Heap before GC invocations=34 (full 0):
 garbage-first heap   total 141312K, used 113921K [0x0000000080000000, 0x0000000100000000)
  region size 1024K, 46 young (47104K), 1 survivors (1024K)
 Metaspace       used 86848K, committed 87552K, reserved 1179648K
  class space    used 11955K, committed 12288K, reserved 1048576K
}
Event: 20.493 GC heap after
{Heap after GC invocations=35 (full 0):
 garbage-first heap   total 141312K, used 70256K [0x0000000080000000, 0x0000000100000000)
  region size 1024K, 3 young (3072K), 3 survivors (3072K)
 Metaspace       used 86848K, committed 87552K, reserved 1179648K
  class space    used 11955K, committed 12288K, reserved 1048576K
}
Event: 21.420 GC heap before
{Heap before GC invocations=36 (full 0):
 garbage-first heap   total 141312K, used 115312K [0x0000000080000000, 0x0000000100000000)
  region size 1024K, 47 young (48128K), 3 survivors (3072K)
 Metaspace       used 90208K, committed 90880K, reserved 1179648K
  class space    used 12500K, committed 12800K, reserved 1048576K
}
Event: 21.432 GC heap after
{Heap after GC invocations=37 (full 0):
 garbage-first heap   total 141312K, used 72057K [0x0000000080000000, 0x0000000100000000)
  region size 1024K, 5 young (5120K), 5 survivors (5120K)
 Metaspace       used 90208K, committed 90880K, reserved 1179648K
  class space    used 12500K, committed 12800K, reserved 1048576K
}
Event: 21.457 GC heap before
{Heap before GC invocations=37 (full 0):
 garbage-first heap   total 141312K, used 73081K [0x0000000080000000, 0x0000000100000000)
  region size 1024K, 6 young (6144K), 5 survivors (5120K)
 Metaspace       used 90265K, committed 90880K, reserved 1179648K
  class space    used 12505K, committed 12800K, reserved 1048576K
}
Event: 21.465 GC heap after
{Heap after GC invocations=38 (full 0):
 garbage-first heap   total 169984K, used 71750K [0x0000000080000000, 0x0000000100000000)
  region size 1024K, 1 young (1024K), 1 survivors (1024K)
 Metaspace       used 90265K, committed 90880K, reserved 1179648K
  class space    used 12505K, committed 12800K, reserved 1048576K
}
Event: 22.675 GC heap before
{Heap before GC invocations=38 (full 0):
 garbage-first heap   total 169984K, used 140358K [0x0000000080000000, 0x0000000100000000)
  region size 1024K, 64 young (65536K), 1 survivors (1024K)
 Metaspace       used 95873K, committed 96512K, reserved 1179648K
  class space    used 13124K, committed 13440K, reserved 1048576K
}
Event: 22.685 GC heap after
{Heap after GC invocations=39 (full 0):
 garbage-first heap   total 169984K, used 77762K [0x0000000080000000, 0x0000000100000000)
  region size 1024K, 7 young (7168K), 7 survivors (7168K)
 Metaspace       used 95873K, committed 96512K, reserved 1179648K
  class space    used 13124K, committed 13440K, reserved 1048576K
}
Event: 23.575 GC heap before
{Heap before GC invocations=39 (full 0):
 garbage-first heap   total 169984K, used 135106K [0x0000000080000000, 0x0000000100000000)
  region size 1024K, 64 young (65536K), 7 survivors (7168K)
 Metaspace       used 97666K, committed 98368K, reserved 1179648K
  class space    used 13419K, committed 13760K, reserved 1048576K
}
Event: 23.590 GC heap after
{Heap after GC invocations=40 (full 0):
 garbage-first heap   total 169984K, used 82968K [0x0000000080000000, 0x0000000100000000)
  region size 1024K, 6 young (6144K), 6 survivors (6144K)
 Metaspace       used 97666K, committed 98368K, reserved 1179648K
  class space    used 13419K, committed 13760K, reserved 1048576K
}
Event: 24.606 GC heap before
{Heap before GC invocations=40 (full 0):
 garbage-first heap   total 169984K, used 137240K [0x0000000080000000, 0x0000000100000000)
  region size 1024K, 58 young (59392K), 6 survivors (6144K)
 Metaspace       used 99636K, committed 100416K, reserved 1179648K
  class space    used 13645K, committed 14016K, reserved 1048576K
}
Event: 24.626 GC heap after
{Heap after GC invocations=41 (full 0):
 garbage-first heap   total 169984K, used 99011K [0x0000000080000000, 0x0000000100000000)
  region size 1024K, 8 young (8192K), 8 survivors (8192K)
 Metaspace       used 99636K, committed 100416K, reserved 1179648K
  class space    used 13645K, committed 14016K, reserved 1048576K
}
Event: 25.122 GC heap before
{Heap before GC invocations=41 (full 0):
 garbage-first heap   total 169984K, used 135875K [0x0000000080000000, 0x0000000100000000)
  region size 1024K, 38 young (38912K), 8 survivors (8192K)
 Metaspace       used 100265K, committed 100992K, reserved 1179648K
  class space    used 13712K, committed 14080K, reserved 1048576K
}
Event: 25.152 GC heap after
{Heap after GC invocations=42 (full 0):
 garbage-first heap   total 169984K, used 114688K [0x0000000080000000, 0x0000000100000000)
  region size 1024K, 5 young (5120K), 5 survivors (5120K)
 Metaspace       used 100265K, committed 100992K, reserved 1179648K
  class space    used 13712K, committed 14080K, reserved 1048576K
}
Event: 25.681 GC heap before
{Heap before GC invocations=43 (full 0):
 garbage-first heap   total 220160K, used 138240K [0x0000000080000000, 0x0000000100000000)
  region size 1024K, 19 young (19456K), 5 survivors (5120K)
 Metaspace       used 101668K, committed 102336K, reserved 1179648K
  class space    used 13883K, committed 14208K, reserved 1048576K
}
Event: 25.695 GC heap after
{Heap after GC invocations=44 (full 0):
 garbage-first heap   total 220160K, used 112468K [0x0000000080000000, 0x0000000100000000)
  region size 1024K, 1 young (1024K), 1 survivors (1024K)
 Metaspace       used 101668K, committed 102336K, reserved 1179648K
  class space    used 13883K, committed 14208K, reserved 1048576K
}
Event: 25.822 GC heap before
{Heap before GC invocations=44 (full 0):
 garbage-first heap   total 220160K, used 120660K [0x0000000080000000, 0x0000000100000000)
  region size 1024K, 10 young (10240K), 1 survivors (1024K)
 Metaspace       used 102446K, committed 103296K, reserved 1179648K
  class space    used 13979K, committed 14400K, reserved 1048576K
}

