# JRE version: OpenJDK Runtime Environment (17.0.10) (build 17.0.10+0--11609105)
# Java VM: OpenJDK 64-Bit Server VM (17.0.10+0--11609105, mixed mode, tiered, compressed oops, compressed class ptrs, g1 gc, windows-amd64)
GC Precious Log:
 CPUs: 4 total, 4 available
 Memory: 7930M
 Large Page Support: Disabled
 NUMA Support: Disabled
 Compressed Oops: Enabled (32-bit)
 Heap Region Size: 1M
 Heap Min Capacity: 8M
 Heap Initial Capacity: 124M
 Heap Max Capacity: 2G
 Pre-touch: Disabled
 Parallel Workers: 4
 Concurrent Workers: 1
 Concurrent Refinement Workers: 4
 Periodic GC: Disabled
Heap:
 garbage-first heap   total 234496K, used 151517K [0x0000000080000000, 0x0000000100000000)
  region size 1024K, 16 young (16384K), 7 survivors (7168K)
 Metaspace       used 101406K, committed 102208K, reserved 1179648K
  class space    used 13807K, committed 14208K, reserved 1048576K
GC Heap History (20 events):
Event: 11.281 GC heap before
{Heap before GC invocations=27 (full 0):
 garbage-first heap   total 124928K, used 92205K [0x0000000080000000, 0x0000000100000000)
  region size 1024K, 31 young (31744K), 1 survivors (1024K)
 Metaspace       used 72493K, committed 73088K, reserved 1114112K
  class space    used 9756K, committed 10048K, reserved 1048576K
}
Event: 11.284 GC heap after
{Heap after GC invocations=28 (full 0):
 garbage-first heap   total 124928K, used 62607K [0x0000000080000000, 0x0000000100000000)
  region size 1024K, 2 young (2048K), 2 survivors (2048K)
 Metaspace       used 72493K, committed 73088K, reserved 1114112K
  class space    used 9756K, committed 10048K, reserved 1048576K
}
Event: 11.986 GC heap before
{Heap before GC invocations=29 (full 0):
 garbage-first heap   total 124928K, used 94351K [0x0000000080000000, 0x0000000100000000)
  region size 1024K, 33 young (33792K), 2 survivors (2048K)
 Metaspace       used 76372K, committed 76992K, reserved 1179648K
  class space    used 10299K, committed 10624K, reserved 1048576K
}
Event: 11.991 GC heap after
{Heap after GC invocations=30 (full 0):
 garbage-first heap   total 124928K, used 63680K [0x0000000080000000, 0x0000000100000000)
  region size 1024K, 3 young (3072K), 3 survivors (3072K)
 Metaspace       used 76372K, committed 76992K, reserved 1179648K
  class space    used 10299K, committed 10624K, reserved 1048576K
}
Event: 12.371 GC heap before
{Heap before GC invocations=30 (full 0):
 garbage-first heap   total 124928K, used 95424K [0x0000000080000000, 0x0000000100000000)
  region size 1024K, 35 young (35840K), 3 survivors (3072K)
 Metaspace       used 77857K, committed 78528K, reserved 1179648K
  class space    used 10498K, committed 10816K, reserved 1048576K
}
Event: 12.379 GC heap after
{Heap after GC invocations=31 (full 0):
 garbage-first heap   total 124928K, used 66979K [0x0000000080000000, 0x0000000100000000)
  region size 1024K, 5 young (5120K), 5 survivors (5120K)
 Metaspace       used 77857K, committed 78528K, reserved 1179648K
  class space    used 10498K, committed 10816K, reserved 1048576K
}
Event: 12.861 GC heap before
{Heap before GC invocations=32 (full 0):
 garbage-first heap   total 124928K, used 98723K [0x0000000080000000, 0x0000000100000000)
  region size 1024K, 35 young (35840K), 5 survivors (5120K)
 Metaspace       used 79945K, committed 80512K, reserved 1179648K
  class space    used 10786K, committed 11072K, reserved 1048576K
}
Event: 12.870 GC heap after
{Heap after GC invocations=33 (full 0):
 garbage-first heap   total 124928K, used 69273K [0x0000000080000000, 0x0000000100000000)
  region size 1024K, 3 young (3072K), 3 survivors (3072K)
 Metaspace       used 79945K, committed 80512K, reserved 1179648K
  class space    used 10786K, committed 11072K, reserved 1048576K
}
Event: 12.928 GC heap before
{Heap before GC invocations=33 (full 0):
 garbage-first heap   total 124928K, used 72345K [0x0000000080000000, 0x0000000100000000)
  region size 1024K, 6 young (6144K), 3 survivors (3072K)
 Metaspace       used 80169K, committed 80704K, reserved 1179648K
  class space    used 10813K, committed 11072K, reserved 1048576K
}
Event: 12.932 GC heap after
{Heap after GC invocations=34 (full 0):
 garbage-first heap   total 227328K, used 68223K [0x0000000080000000, 0x0000000100000000)
  region size 1024K, 1 young (1024K), 1 survivors (1024K)
 Metaspace       used 80169K, committed 80704K, reserved 1179648K
  class space    used 10813K, committed 11072K, reserved 1048576K
}
Event: 14.781 GC heap before
{Heap before GC invocations=34 (full 0):
 garbage-first heap   total 227328K, used 172671K [0x0000000080000000, 0x0000000100000000)
  region size 1024K, 103 young (105472K), 1 survivors (1024K)
 Metaspace       used 87808K, committed 88448K, reserved 1179648K
  class space    used 12102K, committed 12416K, reserved 1048576K
}
Event: 14.790 GC heap after
{Heap after GC invocations=35 (full 0):
 garbage-first heap   total 227328K, used 72657K [0x0000000080000000, 0x0000000100000000)
  region size 1024K, 5 young (5120K), 5 survivors (5120K)
 Metaspace       used 87808K, committed 88448K, reserved 1179648K
  class space    used 12102K, committed 12416K, reserved 1048576K
}
Event: 16.451 GC heap before
{Heap before GC invocations=35 (full 0):
 garbage-first heap   total 227328K, used 184273K [0x0000000080000000, 0x0000000100000000)
  region size 1024K, 110 young (112640K), 5 survivors (5120K)
 Metaspace       used 97340K, committed 98112K, reserved 1179648K
  class space    used 13386K, committed 13760K, reserved 1048576K
}
Event: 16.467 GC heap after
{Heap after GC invocations=36 (full 0):
 garbage-first heap   total 227328K, used 80941K [0x0000000080000000, 0x0000000100000000)
  region size 1024K, 13 young (13312K), 13 survivors (13312K)
 Metaspace       used 97340K, committed 98112K, reserved 1179648K
  class space    used 13386K, committed 13760K, reserved 1048576K
}
Event: 18.057 GC heap before
{Heap before GC invocations=36 (full 0):
 garbage-first heap   total 227328K, used 179245K [0x0000000080000000, 0x0000000100000000)
  region size 1024K, 110 young (112640K), 13 survivors (13312K)
 Metaspace       used 99911K, committed 100672K, reserved 1179648K
  class space    used 13663K, committed 14016K, reserved 1048576K
}
Event: 18.083 GC heap after
{Heap after GC invocations=37 (full 0):
 garbage-first heap   total 227328K, used 90805K [0x0000000080000000, 0x0000000100000000)
  region size 1024K, 10 young (10240K), 10 survivors (10240K)
 Metaspace       used 99911K, committed 100672K, reserved 1179648K
  class space    used 13663K, committed 14016K, reserved 1048576K
}
Event: 19.597 GC heap before
{Heap before GC invocations=37 (full 0):
 garbage-first heap   total 227328K, used 197301K [0x0000000080000000, 0x0000000100000000)
  region size 1024K, 98 young (100352K), 10 survivors (10240K)
 Metaspace       used 101153K, committed 101888K, reserved 1179648K
  class space    used 13786K, committed 14144K, reserved 1048576K
}
Event: 19.632 GC heap after
{Heap after GC invocations=38 (full 0):
 garbage-first heap   total 234496K, used 118169K [0x0000000080000000, 0x0000000100000000)
  region size 1024K, 13 young (13312K), 13 survivors (13312K)
 Metaspace       used 101153K, committed 101888K, reserved 1179648K
  class space    used 13786K, committed 14144K, reserved 1048576K
}
Event: 19.894 GC heap before
{Heap before GC invocations=38 (full 0):
 garbage-first heap   total 234496K, used 132505K [0x0000000080000000, 0x0000000100000000)
  region size 1024K, 29 young (29696K), 13 survivors (13312K)
 Metaspace       used 101183K, committed 101952K, reserved 1179648K
  class space    used 13789K, committed 14144K, reserved 1048576K
}
Event: 19.928 GC heap after
{Heap after GC invocations=39 (full 0):
 garbage-first heap   total 234496K, used 125917K [0x0000000080000000, 0x0000000100000000)
  region size 1024K, 7 young (7168K), 7 survivors (7168K)
 Metaspace       used 101183K, committed 101952K, reserved 1179648K
  class space    used 13789K, committed 14144K, reserved 1048576K
}

