# JRE version: OpenJDK Runtime Environment (17.0.10) (build 17.0.10+0--11609105)
# Java VM: OpenJDK 64-Bit Server VM (17.0.10+0--11609105, mixed mode, tiered, compressed oops, compressed class ptrs, g1 gc, windows-amd64)
GC Precious Log:
 CPUs: 4 total, 4 available
 Memory: 7930M
 Large Page Support: Disabled
 NUMA Support: Disabled
 Compressed Oops: Enabled (32-bit)
 Heap Region Size: 1M
 Heap Min Capacity: 8M
 Heap Initial Capacity: 124M
 Heap Max Capacity: 2G
 Pre-touch: Disabled
 Parallel Workers: 4
 Concurrent Workers: 1
 Concurrent Refinement Workers: 4
 Periodic GC: Disabled
Heap:
 garbage-first heap   total 382976K, used 263954K [0x0000000080000000, 0x0000000100000000)
  region size 1024K, 121 young (123904K), 7 survivors (7168K)
 Metaspace       used 134763K, committed 135680K, reserved 1179648K
  class space    used 18086K, committed 18560K, reserved 1048576K
GC Heap History (20 events):
Event: 25.001 GC heap before
{Heap before GC invocations=23 (full 0):
 garbage-first heap   total 178176K, used 142563K [0x0000000080000000, 0x0000000100000000)
  region size 1024K, 71 young (72704K), 10 survivors (10240K)
 Metaspace       used 97877K, committed 98624K, reserved 1179648K
  class space    used 13411K, committed 13760K, reserved 1048576K
}
Event: 25.016 GC heap after
{Heap after GC invocations=24 (full 0):
 garbage-first heap   total 178176K, used 87019K [0x0000000080000000, 0x0000000100000000)
  region size 1024K, 6 young (6144K), 6 survivors (6144K)
 Metaspace       used 97877K, committed 98624K, reserved 1179648K
  class space    used 13411K, committed 13760K, reserved 1048576K
}
Event: 25.241 GC heap before
{Heap before GC invocations=24 (full 0):
 garbage-first heap   total 178176K, used 97259K [0x0000000080000000, 0x0000000100000000)
  region size 1024K, 18 young (18432K), 6 survivors (6144K)
 Metaspace       used 98579K, committed 99264K, reserved 1179648K
  class space    used 13542K, committed 13888K, reserved 1048576K
}
Event: 25.248 GC heap after
{Heap after GC invocations=25 (full 0):
 garbage-first heap   total 178176K, used 86337K [0x0000000080000000, 0x0000000100000000)
  region size 1024K, 5 young (5120K), 5 survivors (5120K)
 Metaspace       used 98579K, committed 99264K, reserved 1179648K
  class space    used 13542K, committed 13888K, reserved 1048576K
}
Event: 26.356 GC heap before
{Heap before GC invocations=26 (full 0):
 garbage-first heap   total 178176K, used 154945K [0x0000000080000000, 0x0000000100000000)
  region size 1024K, 63 young (64512K), 5 survivors (5120K)
 Metaspace       used 100519K, committed 101248K, reserved 1179648K
  class space    used 13744K, committed 14080K, reserved 1048576K
}
Event: 26.378 GC heap after
{Heap after GC invocations=27 (full 0):
 garbage-first heap   total 182272K, used 109183K [0x0000000080000000, 0x0000000100000000)
  region size 1024K, 8 young (8192K), 8 survivors (8192K)
 Metaspace       used 100519K, committed 101248K, reserved 1179648K
  class space    used 13744K, committed 14080K, reserved 1048576K
}
Event: 26.398 GC heap before
{Heap before GC invocations=27 (full 0):
 garbage-first heap   total 182272K, used 110207K [0x0000000080000000, 0x0000000100000000)
  region size 1024K, 9 young (9216K), 8 survivors (8192K)
 Metaspace       used 100519K, committed 101248K, reserved 1179648K
  class space    used 13744K, committed 14080K, reserved 1048576K
}
Event: 26.410 GC heap after
{Heap after GC invocations=28 (full 0):
 garbage-first heap   total 182272K, used 110080K [0x0000000080000000, 0x0000000100000000)
  region size 1024K, 1 young (1024K), 1 survivors (1024K)
 Metaspace       used 100519K, committed 101248K, reserved 1179648K
  class space    used 13744K, committed 14080K, reserved 1048576K
}
Event: 27.047 GC heap before
{Heap before GC invocations=28 (full 0):
 garbage-first heap   total 182272K, used 163328K [0x0000000080000000, 0x0000000100000000)
  region size 1024K, 37 young (37888K), 1 survivors (1024K)
 Metaspace       used 100963K, committed 101760K, reserved 1179648K
  class space    used 13793K, committed 14144K, reserved 1048576K
}
Event: 27.053 GC heap after
{Heap after GC invocations=29 (full 0):
 garbage-first heap   total 182272K, used 112904K [0x0000000080000000, 0x0000000100000000)
  region size 1024K, 4 young (4096K), 4 survivors (4096K)
 Metaspace       used 100963K, committed 101760K, reserved 1179648K
  class space    used 13793K, committed 14144K, reserved 1048576K
}
Event: 27.873 GC heap before
{Heap before GC invocations=30 (full 0):
 garbage-first heap   total 191488K, used 143624K [0x0000000080000000, 0x0000000100000000)
  region size 1024K, 39 young (39936K), 4 survivors (4096K)
 Metaspace       used 103448K, committed 104256K, reserved 1179648K
  class space    used 14027K, committed 14400K, reserved 1048576K
}
Event: 27.885 GC heap after
{Heap after GC invocations=31 (full 0):
 garbage-first heap   total 191488K, used 112031K [0x0000000080000000, 0x0000000100000000)
  region size 1024K, 4 young (4096K), 4 survivors (4096K)
 Metaspace       used 103448K, committed 104256K, reserved 1179648K
  class space    used 14027K, committed 14400K, reserved 1048576K
}
Event: 27.944 GC heap before
{Heap before GC invocations=31 (full 0):
 garbage-first heap   total 191488K, used 117151K [0x0000000080000000, 0x0000000100000000)
  region size 1024K, 9 young (9216K), 4 survivors (4096K)
 Metaspace       used 103577K, committed 104384K, reserved 1179648K
  class space    used 14043K, committed 14464K, reserved 1048576K
}
Event: 27.951 GC heap after
{Heap after GC invocations=32 (full 0):
 garbage-first heap   total 382976K, used 111255K [0x0000000080000000, 0x0000000100000000)
  region size 1024K, 2 young (2048K), 2 survivors (2048K)
 Metaspace       used 103577K, committed 104384K, reserved 1179648K
  class space    used 14043K, committed 14464K, reserved 1048576K
}
Event: 30.709 GC heap before
{Heap before GC invocations=32 (full 0):
 garbage-first heap   total 382976K, used 264855K [0x0000000080000000, 0x0000000100000000)
  region size 1024K, 153 young (156672K), 2 survivors (2048K)
 Metaspace       used 106871K, committed 107712K, reserved 1179648K
  class space    used 14373K, committed 14784K, reserved 1048576K
}
Event: 30.727 GC heap after
{Heap after GC invocations=33 (full 0):
 garbage-first heap   total 382976K, used 119603K [0x0000000080000000, 0x0000000100000000)
  region size 1024K, 10 young (10240K), 10 survivors (10240K)
 Metaspace       used 106871K, committed 107712K, reserved 1179648K
  class space    used 14373K, committed 14784K, reserved 1048576K
}
Event: 36.013 GC heap before
{Heap before GC invocations=33 (full 0):
 garbage-first heap   total 382976K, used 286515K [0x0000000080000000, 0x0000000100000000)
  region size 1024K, 172 young (176128K), 10 survivors (10240K)
 Metaspace       used 114200K, committed 115008K, reserved 1179648K
  class space    used 15354K, committed 15744K, reserved 1048576K
}
Event: 36.050 GC heap after
{Heap after GC invocations=34 (full 0):
 garbage-first heap   total 382976K, used 133360K [0x0000000080000000, 0x0000000100000000)
  region size 1024K, 22 young (22528K), 22 survivors (22528K)
 Metaspace       used 114200K, committed 115008K, reserved 1179648K
  class space    used 15354K, committed 15744K, reserved 1048576K
}
Event: 38.857 GC heap before
{Heap before GC invocations=34 (full 0):
 garbage-first heap   total 382976K, used 287984K [0x0000000080000000, 0x0000000100000000)
  region size 1024K, 173 young (177152K), 22 survivors (22528K)
 Metaspace       used 126063K, committed 126912K, reserved 1179648K
  class space    used 17125K, committed 17536K, reserved 1048576K
}
Event: 38.934 GC heap after
{Heap after GC invocations=35 (full 0):
 garbage-first heap   total 382976K, used 134930K [0x0000000080000000, 0x0000000100000000)
  region size 1024K, 7 young (7168K), 7 survivors (7168K)
 Metaspace       used 126063K, committed 126912K, reserved 1179648K
  class space    used 17125K, committed 17536K, reserved 1048576K
}

