# JRE version: OpenJDK Runtime Environment (17.0.10) (build 17.0.10+0--11609105)
# Java VM: OpenJDK 64-Bit Server VM (17.0.10+0--11609105, mixed mode, tiered, compressed oops, compressed class ptrs, g1 gc, windows-amd64)
GC Precious Log:
 CPUs: 4 total, 4 available
 Memory: 7930M
 Large Page Support: Disabled
 NUMA Support: Disabled
 Compressed Oops: Enabled (32-bit)
 Heap Region Size: 1M
 Heap Min Capacity: 8M
 Heap Initial Capacity: 124M
 Heap Max Capacity: 2G
 Pre-touch: Disabled
 Parallel Workers: 4
 Concurrent Workers: 1
 Concurrent Refinement Workers: 4
 Periodic GC: Disabled
Heap:
 garbage-first heap   total 219136K, used 107406K [0x0000000080000000, 0x0000000100000000)
  region size 1024K, 7 young (7168K), 7 survivors (7168K)
 Metaspace       used 134258K, committed 135168K, reserved 1179648K
  class space    used 18384K, committed 18816K, reserved 1048576K
GC Heap History (20 events):
Event: 27.001 GC heap after
{Heap after GC invocations=38 (full 0):
 garbage-first heap   total 219136K, used 91859K [0x0000000080000000, 0x0000000100000000)
  region size 1024K, 1 young (1024K), 1 survivors (1024K)
 Metaspace       used 99102K, committed 99840K, reserved 1179648K
  class space    used 13594K, committed 13952K, reserved 1048576K
}
Event: 27.898 GC heap before
{Heap before GC invocations=38 (full 0):
 garbage-first heap   total 219136K, used 128723K [0x0000000080000000, 0x0000000100000000)
  region size 1024K, 39 young (39936K), 1 survivors (1024K)
 Metaspace       used 105941K, committed 106688K, reserved 1179648K
  class space    used 14478K, committed 14848K, reserved 1048576K
}
Event: 27.904 GC heap after
{Heap after GC invocations=39 (full 0):
 garbage-first heap   total 219136K, used 94070K [0x0000000080000000, 0x0000000100000000)
  region size 1024K, 4 young (4096K), 4 survivors (4096K)
 Metaspace       used 105941K, committed 106688K, reserved 1179648K
  class space    used 14478K, committed 14848K, reserved 1048576K
}
Event: 29.574 GC heap before
{Heap before GC invocations=40 (full 0):
 garbage-first heap   total 219136K, used 178038K [0x0000000080000000, 0x0000000100000000)
  region size 1024K, 85 young (87040K), 4 survivors (4096K)
 Metaspace       used 108523K, committed 109312K, reserved 1179648K
  class space    used 14830K, committed 15232K, reserved 1048576K
}
Event: 29.585 GC heap after
{Heap after GC invocations=41 (full 0):
 garbage-first heap   total 219136K, used 99021K [0x0000000080000000, 0x0000000100000000)
  region size 1024K, 6 young (6144K), 6 survivors (6144K)
 Metaspace       used 108523K, committed 109312K, reserved 1179648K
  class space    used 14830K, committed 15232K, reserved 1048576K
}
Event: 29.682 GC heap before
{Heap before GC invocations=41 (full 0):
 garbage-first heap   total 219136K, used 103117K [0x0000000080000000, 0x0000000100000000)
  region size 1024K, 10 young (10240K), 6 survivors (6144K)
 Metaspace       used 108546K, committed 109312K, reserved 1179648K
  class space    used 14833K, committed 15232K, reserved 1048576K
}
Event: 29.698 GC heap after
{Heap after GC invocations=42 (full 0):
 garbage-first heap   total 219136K, used 94916K [0x0000000080000000, 0x0000000100000000)
  region size 1024K, 1 young (1024K), 1 survivors (1024K)
 Metaspace       used 108546K, committed 109312K, reserved 1179648K
  class space    used 14833K, committed 15232K, reserved 1048576K
}
Event: 31.310 GC heap before
{Heap before GC invocations=42 (full 0):
 garbage-first heap   total 219136K, used 175812K [0x0000000080000000, 0x0000000100000000)
  region size 1024K, 81 young (82944K), 1 survivors (1024K)
 Metaspace       used 116485K, committed 117312K, reserved 1179648K
  class space    used 15959K, committed 16320K, reserved 1048576K
}
Event: 31.318 GC heap after
{Heap after GC invocations=43 (full 0):
 garbage-first heap   total 219136K, used 98539K [0x0000000080000000, 0x0000000100000000)
  region size 1024K, 5 young (5120K), 5 survivors (5120K)
 Metaspace       used 116485K, committed 117312K, reserved 1179648K
  class space    used 15959K, committed 16320K, reserved 1048576K
}
Event: 33.179 GC heap before
{Heap before GC invocations=44 (full 0):
 garbage-first heap   total 219136K, used 176363K [0x0000000080000000, 0x0000000100000000)
  region size 1024K, 82 young (83968K), 5 survivors (5120K)
 Metaspace       used 124647K, committed 125504K, reserved 1179648K
  class space    used 17396K, committed 17792K, reserved 1048576K
}
Event: 33.192 GC heap after
{Heap after GC invocations=45 (full 0):
 garbage-first heap   total 219136K, used 101735K [0x0000000080000000, 0x0000000100000000)
  region size 1024K, 8 young (8192K), 8 survivors (8192K)
 Metaspace       used 124647K, committed 125504K, reserved 1179648K
  class space    used 17396K, committed 17792K, reserved 1048576K
}
Event: 33.221 GC heap before
{Heap before GC invocations=45 (full 0):
 garbage-first heap   total 219136K, used 103783K [0x0000000080000000, 0x0000000100000000)
  region size 1024K, 10 young (10240K), 8 survivors (8192K)
 Metaspace       used 124687K, committed 125504K, reserved 1179648K
  class space    used 17404K, committed 17792K, reserved 1048576K
}
Event: 33.231 GC heap after
{Heap after GC invocations=46 (full 0):
 garbage-first heap   total 219136K, used 100488K [0x0000000080000000, 0x0000000100000000)
  region size 1024K, 1 young (1024K), 1 survivors (1024K)
 Metaspace       used 124687K, committed 125504K, reserved 1179648K
  class space    used 17404K, committed 17792K, reserved 1048576K
}
Event: 33.779 GC heap before
{Heap before GC invocations=46 (full 0):
 garbage-first heap   total 219136K, used 117896K [0x0000000080000000, 0x0000000100000000)
  region size 1024K, 20 young (20480K), 1 survivors (1024K)
 Metaspace       used 126410K, committed 127296K, reserved 1179648K
  class space    used 17622K, committed 18048K, reserved 1048576K
}
Event: 33.786 GC heap after
{Heap after GC invocations=47 (full 0):
 garbage-first heap   total 219136K, used 102234K [0x0000000080000000, 0x0000000100000000)
  region size 1024K, 3 young (3072K), 3 survivors (3072K)
 Metaspace       used 126410K, committed 127296K, reserved 1179648K
  class space    used 17622K, committed 18048K, reserved 1048576K
}
Event: 249.809 GC heap before
{Heap before GC invocations=48 (full 0):
 garbage-first heap   total 219136K, used 203610K [0x0000000080000000, 0x0000000100000000)
  region size 1024K, 73 young (74752K), 3 survivors (3072K)
 Metaspace       used 133358K, committed 134208K, reserved 1179648K
  class space    used 18332K, committed 18688K, reserved 1048576K
}
Event: 249.888 GC heap after
{Heap after GC invocations=49 (full 0):
 garbage-first heap   total 219136K, used 102862K [0x0000000080000000, 0x0000000100000000)
  region size 1024K, 4 young (4096K), 4 survivors (4096K)
 Metaspace       used 133358K, committed 134208K, reserved 1179648K
  class space    used 18332K, committed 18688K, reserved 1048576K
}
Event: 250.609 GC heap before
{Heap before GC invocations=49 (full 0):
 garbage-first heap   total 219136K, used 109006K [0x0000000080000000, 0x0000000100000000)
  region size 1024K, 10 young (10240K), 4 survivors (4096K)
 Metaspace       used 133450K, committed 134336K, reserved 1179648K
  class space    used 18336K, committed 18752K, reserved 1048576K
}
Event: 250.658 GC heap after
{Heap after GC invocations=50 (full 0):
 garbage-first heap   total 219136K, used 102669K [0x0000000080000000, 0x0000000100000000)
  region size 1024K, 2 young (2048K), 2 survivors (2048K)
 Metaspace       used 133450K, committed 134336K, reserved 1179648K
  class space    used 18336K, committed 18752K, reserved 1048576K
}
Event: 255.084 GC heap before
{Heap before GC invocations=50 (full 0):
 garbage-first heap   total 219136K, used 140557K [0x0000000080000000, 0x0000000100000000)
  region size 1024K, 41 young (41984K), 2 survivors (2048K)
 Metaspace       used 134258K, committed 135168K, reserved 1179648K
  class space    used 18384K, committed 18816K, reserved 1048576K
}

