# JRE version: OpenJDK Runtime Environment (17.0.10) (build 17.0.10+0--11609105)
# Java VM: OpenJDK 64-Bit Server VM (17.0.10+0--11609105, mixed mode, tiered, compressed oops, compressed class ptrs, g1 gc, windows-amd64)
GC Precious Log:
 CPUs: 4 total, 4 available
 Memory: 7930M
 Large Page Support: Disabled
 NUMA Support: Disabled
 Compressed Oops: Enabled (32-bit)
 Heap Region Size: 1M
 Heap Min Capacity: 8M
 Heap Initial Capacity: 124M
 Heap Max Capacity: 2G
 Pre-touch: Disabled
 Parallel Workers: 4
 Concurrent Workers: 1
 Concurrent Refinement Workers: 4
 Periodic GC: Disabled
Heap:
 garbage-first heap   total 275456K, used 122880K [0x0000000080000000, 0x0000000100000000)
  region size 1024K, 2 young (2048K), 2 survivors (2048K)
 Metaspace       used 141847K, committed 142848K, reserved 1179648K
  class space    used 19111K, committed 19584K, reserved 1048576K
GC Heap History (20 events):
Event: 3890.189 GC heap after
{Heap after GC invocations=37 (full 0):
 garbage-first heap   total 275456K, used 124507K [0x0000000080000000, 0x0000000100000000)
  region size 1024K, 6 young (6144K), 6 survivors (6144K)
 Metaspace       used 115372K, committed 116416K, reserved 1179648K
  class space    used 15271K, committed 15744K, reserved 1048576K
}
Event: 3895.357 GC heap before
{Heap before GC invocations=38 (full 0):
 garbage-first heap   total 275456K, used 225883K [0x0000000080000000, 0x0000000100000000)
  region size 1024K, 100 young (102400K), 6 survivors (6144K)
 Metaspace       used 114986K, committed 116416K, reserved 1179648K
  class space    used 15145K, committed 15744K, reserved 1048576K
}
Event: 3895.399 GC heap after
{Heap after GC invocations=39 (full 0):
 garbage-first heap   total 275456K, used 119186K [0x0000000080000000, 0x0000000100000000)
  region size 1024K, 13 young (13312K), 13 survivors (13312K)
 Metaspace       used 114986K, committed 116416K, reserved 1179648K
  class space    used 15145K, committed 15744K, reserved 1048576K
}
Event: 3895.402 GC heap before
{Heap before GC invocations=39 (full 0):
 garbage-first heap   total 275456K, used 120210K [0x0000000080000000, 0x0000000100000000)
  region size 1024K, 14 young (14336K), 13 survivors (13312K)
 Metaspace       used 114986K, committed 116416K, reserved 1179648K
  class space    used 15145K, committed 15744K, reserved 1048576K
}
Event: 3895.453 GC heap after
{Heap after GC invocations=40 (full 0):
 garbage-first heap   total 275456K, used 98489K [0x0000000080000000, 0x0000000100000000)
  region size 1024K, 2 young (2048K), 2 survivors (2048K)
 Metaspace       used 114986K, committed 116416K, reserved 1179648K
  class space    used 15145K, committed 15744K, reserved 1048576K
}
Event: 3895.505 GC heap before
{Heap before GC invocations=40 (full 0):
 garbage-first heap   total 275456K, used 108729K [0x0000000080000000, 0x0000000100000000)
  region size 1024K, 13 young (13312K), 2 survivors (2048K)
 Metaspace       used 114998K, committed 116416K, reserved 1179648K
  class space    used 15145K, committed 15744K, reserved 1048576K
}
Event: 3895.515 GC heap after
{Heap after GC invocations=41 (full 0):
 garbage-first heap   total 275456K, used 98816K [0x0000000080000000, 0x0000000100000000)
  region size 1024K, 2 young (2048K), 2 survivors (2048K)
 Metaspace       used 114998K, committed 116416K, reserved 1179648K
  class space    used 15145K, committed 15744K, reserved 1048576K
}
Event: 3896.808 GC heap before
{Heap before GC invocations=41 (full 0):
 garbage-first heap   total 275456K, used 158208K [0x0000000080000000, 0x0000000100000000)
  region size 1024K, 62 young (63488K), 2 survivors (2048K)
 Metaspace       used 122193K, committed 123008K, reserved 1179648K
  class space    used 16085K, committed 16448K, reserved 1048576K
}
Event: 3896.822 GC heap after
{Heap after GC invocations=42 (full 0):
 garbage-first heap   total 275456K, used 103936K [0x0000000080000000, 0x0000000100000000)
  region size 1024K, 7 young (7168K), 7 survivors (7168K)
 Metaspace       used 122193K, committed 123008K, reserved 1179648K
  class space    used 16085K, committed 16448K, reserved 1048576K
}
Event: 3899.830 GC heap before
{Heap before GC invocations=43 (full 0):
 garbage-first heap   total 275456K, used 221696K [0x0000000080000000, 0x0000000100000000)
  region size 1024K, 121 young (123904K), 7 survivors (7168K)
 Metaspace       used 132387K, committed 133248K, reserved 1179648K
  class space    used 17558K, committed 17984K, reserved 1048576K
}
Event: 3899.862 GC heap after
{Heap after GC invocations=44 (full 0):
 garbage-first heap   total 275456K, used 106789K [0x0000000080000000, 0x0000000100000000)
  region size 1024K, 8 young (8192K), 8 survivors (8192K)
 Metaspace       used 132387K, committed 133248K, reserved 1179648K
  class space    used 17558K, committed 17984K, reserved 1048576K
}
Event: 3899.988 GC heap before
{Heap before GC invocations=44 (full 0):
 garbage-first heap   total 275456K, used 110885K [0x0000000080000000, 0x0000000100000000)
  region size 1024K, 13 young (13312K), 8 survivors (8192K)
 Metaspace       used 133000K, committed 133888K, reserved 1179648K
  class space    used 17666K, committed 18112K, reserved 1048576K
}
Event: 3900.036 GC heap after
{Heap after GC invocations=45 (full 0):
 garbage-first heap   total 275456K, used 102061K [0x0000000080000000, 0x0000000100000000)
  region size 1024K, 1 young (1024K), 1 survivors (1024K)
 Metaspace       used 133000K, committed 133888K, reserved 1179648K
  class space    used 17666K, committed 18112K, reserved 1048576K
}
Event: 3901.713 GC heap before
{Heap before GC invocations=45 (full 0):
 garbage-first heap   total 275456K, used 168621K [0x0000000080000000, 0x0000000100000000)
  region size 1024K, 67 young (68608K), 1 survivors (1024K)
 Metaspace       used 140681K, committed 141632K, reserved 1179648K
  class space    used 19045K, committed 19520K, reserved 1048576K
}
Event: 3901.719 GC heap after
{Heap after GC invocations=46 (full 0):
 garbage-first heap   total 275456K, used 103608K [0x0000000080000000, 0x0000000100000000)
  region size 1024K, 3 young (3072K), 3 survivors (3072K)
 Metaspace       used 140681K, committed 141632K, reserved 1179648K
  class space    used 19045K, committed 19520K, reserved 1048576K
}
Event: 4278.802 GC heap before
{Heap before GC invocations=47 (full 0):
 garbage-first heap   total 275456K, used 238776K [0x0000000080000000, 0x0000000100000000)
  region size 1024K, 123 young (125952K), 3 survivors (3072K)
 Metaspace       used 141353K, committed 142336K, reserved 1179648K
  class space    used 19110K, committed 19584K, reserved 1048576K
}
Event: 4278.923 GC heap after
{Heap after GC invocations=48 (full 0):
 garbage-first heap   total 275456K, used 123979K [0x0000000080000000, 0x0000000100000000)
  region size 1024K, 16 young (16384K), 16 survivors (16384K)
 Metaspace       used 141353K, committed 142336K, reserved 1179648K
  class space    used 19110K, committed 19584K, reserved 1048576K
}
Event: 4278.951 GC heap before
{Heap before GC invocations=48 (full 0):
 garbage-first heap   total 275456K, used 125003K [0x0000000080000000, 0x0000000100000000)
  region size 1024K, 17 young (17408K), 16 survivors (16384K)
 Metaspace       used 141378K, committed 142336K, reserved 1179648K
  class space    used 19110K, committed 19584K, reserved 1048576K
}
Event: 4279.051 GC heap after
{Heap after GC invocations=49 (full 0):
 garbage-first heap   total 275456K, used 122880K [0x0000000080000000, 0x0000000100000000)
  region size 1024K, 2 young (2048K), 2 survivors (2048K)
 Metaspace       used 141378K, committed 142336K, reserved 1179648K
  class space    used 19110K, committed 19584K, reserved 1048576K
}
Event: 4280.332 GC heap before
{Heap before GC invocations=49 (full 0):
 garbage-first heap   total 275456K, used 149504K [0x0000000080000000, 0x0000000100000000)
  region size 1024K, 30 young (30720K), 2 survivors (2048K)
 Metaspace       used 141847K, committed 142848K, reserved 1179648K
  class space    used 19111K, committed 19584K, reserved 1048576K
}

