# JRE version: OpenJDK Runtime Environment (17.0.10) (build 17.0.10+0--11609105)
# Java VM: OpenJDK 64-Bit Server VM (17.0.10+0--11609105, mixed mode, tiered, compressed oops, compressed class ptrs, g1 gc, windows-amd64)
GC Precious Log:
 CPUs: 4 total, 4 available
 Memory: 7930M
 Large Page Support: Disabled
 NUMA Support: Disabled
 Compressed Oops: Enabled (32-bit)
 Heap Region Size: 1M
 Heap Min Capacity: 8M
 Heap Initial Capacity: 124M
 Heap Max Capacity: 2G
 Pre-touch: Disabled
 Parallel Workers: 4
 Concurrent Workers: 1
 Concurrent Refinement Workers: 4
 Periodic GC: Disabled
Heap:
 garbage-first heap   total 237568K, used 131148K [0x0000000080000000, 0x0000000100000000)
  region size 1024K, 2 young (2048K), 2 survivors (2048K)
 Metaspace       used 105280K, committed 106112K, reserved 1179648K
  class space    used 14149K, committed 14592K, reserved 1048576K
GC Heap History (20 events):
Event: 18.255 GC heap after
{Heap after GC invocations=31 (full 0):
 garbage-first heap   total 122880K, used 61139K [0x0000000080000000, 0x0000000100000000)
  region size 1024K, 1 young (1024K), 1 survivors (1024K)
 Metaspace       used 70068K, committed 70656K, reserved 1114112K
  class space    used 9445K, committed 9728K, reserved 1048576K
}
Event: 18.868 GC heap before
{Heap before GC invocations=31 (full 0):
 garbage-first heap   total 122880K, used 94931K [0x0000000080000000, 0x0000000100000000)
  region size 1024K, 34 young (34816K), 1 survivors (1024K)
 Metaspace       used 72455K, committed 73088K, reserved 1114112K
  class space    used 9752K, committed 10048K, reserved 1048576K
}
Event: 18.872 GC heap after
{Heap after GC invocations=32 (full 0):
 garbage-first heap   total 232448K, used 62449K [0x0000000080000000, 0x0000000100000000)
  region size 1024K, 2 young (2048K), 2 survivors (2048K)
 Metaspace       used 72455K, committed 73088K, reserved 1114112K
  class space    used 9752K, committed 10048K, reserved 1048576K
}
Event: 20.725 GC heap before
{Heap before GC invocations=33 (full 0):
 garbage-first heap   total 229376K, used 155633K [0x0000000080000000, 0x0000000100000000)
  region size 1024K, 93 young (95232K), 2 survivors (2048K)
 Metaspace       used 79807K, committed 80384K, reserved 1179648K
  class space    used 10767K, committed 11072K, reserved 1048576K
}
Event: 20.739 GC heap after
{Heap after GC invocations=34 (full 0):
 garbage-first heap   total 229376K, used 68215K [0x0000000080000000, 0x0000000100000000)
  region size 1024K, 8 young (8192K), 8 survivors (8192K)
 Metaspace       used 79807K, committed 80384K, reserved 1179648K
  class space    used 10767K, committed 11072K, reserved 1048576K
}
Event: 20.884 GC heap before
{Heap before GC invocations=34 (full 0):
 garbage-first heap   total 229376K, used 71287K [0x0000000080000000, 0x0000000100000000)
  region size 1024K, 11 young (11264K), 8 survivors (8192K)
 Metaspace       used 80010K, committed 80576K, reserved 1179648K
  class space    used 10784K, committed 11072K, reserved 1048576K
}
Event: 20.893 GC heap after
{Heap after GC invocations=35 (full 0):
 garbage-first heap   total 229376K, used 69026K [0x0000000080000000, 0x0000000100000000)
  region size 1024K, 2 young (2048K), 2 survivors (2048K)
 Metaspace       used 80010K, committed 80576K, reserved 1179648K
  class space    used 10784K, committed 11072K, reserved 1048576K
}
Event: 23.024 GC heap before
{Heap before GC invocations=35 (full 0):
 garbage-first heap   total 229376K, used 174498K [0x0000000080000000, 0x0000000100000000)
  region size 1024K, 105 young (107520K), 2 survivors (2048K)
 Metaspace       used 87764K, committed 88448K, reserved 1179648K
  class space    used 12091K, committed 12416K, reserved 1048576K
}
Event: 23.035 GC heap after
{Heap after GC invocations=36 (full 0):
 garbage-first heap   total 229376K, used 72735K [0x0000000080000000, 0x0000000100000000)
  region size 1024K, 5 young (5120K), 5 survivors (5120K)
 Metaspace       used 87764K, committed 88448K, reserved 1179648K
  class space    used 12091K, committed 12416K, reserved 1048576K
}
Event: 24.786 GC heap before
{Heap before GC invocations=36 (full 0):
 garbage-first heap   total 229376K, used 183327K [0x0000000080000000, 0x0000000100000000)
  region size 1024K, 109 young (111616K), 5 survivors (5120K)
 Metaspace       used 97285K, committed 97984K, reserved 1179648K
  class space    used 13376K, committed 13696K, reserved 1048576K
}
Event: 24.804 GC heap after
{Heap after GC invocations=37 (full 0):
 garbage-first heap   total 229376K, used 80602K [0x0000000080000000, 0x0000000100000000)
  region size 1024K, 13 young (13312K), 13 survivors (13312K)
 Metaspace       used 97285K, committed 97984K, reserved 1179648K
  class space    used 13376K, committed 13696K, reserved 1048576K
}
Event: 26.784 GC heap before
{Heap before GC invocations=37 (full 0):
 garbage-first heap   total 229376K, used 177882K [0x0000000080000000, 0x0000000100000000)
  region size 1024K, 109 young (111616K), 13 survivors (13312K)
 Metaspace       used 99851K, committed 100608K, reserved 1179648K
  class space    used 13655K, committed 14016K, reserved 1048576K
}
Event: 26.810 GC heap after
{Heap after GC invocations=38 (full 0):
 garbage-first heap   total 229376K, used 88050K [0x0000000080000000, 0x0000000100000000)
  region size 1024K, 8 young (8192K), 8 survivors (8192K)
 Metaspace       used 99851K, committed 100608K, reserved 1179648K
  class space    used 13655K, committed 14016K, reserved 1048576K
}
Event: 28.478 GC heap before
{Heap before GC invocations=38 (full 0):
 garbage-first heap   total 229376K, used 197618K [0x0000000080000000, 0x0000000100000000)
  region size 1024K, 99 young (101376K), 8 survivors (8192K)
 Metaspace       used 101140K, committed 101824K, reserved 1179648K
  class space    used 13776K, committed 14144K, reserved 1048576K
}
Event: 28.515 GC heap after
{Heap after GC invocations=39 (full 0):
 garbage-first heap   total 234496K, used 117624K [0x0000000080000000, 0x0000000100000000)
  region size 1024K, 13 young (13312K), 13 survivors (13312K)
 Metaspace       used 101140K, committed 101824K, reserved 1179648K
  class space    used 13776K, committed 14144K, reserved 1048576K
}
Event: 29.225 GC heap before
{Heap before GC invocations=39 (full 0):
 garbage-first heap   total 234496K, used 197496K [0x0000000080000000, 0x0000000100000000)
  region size 1024K, 75 young (76800K), 13 survivors (13312K)
 Metaspace       used 102070K, committed 102912K, reserved 1179648K
  class space    used 13866K, committed 14272K, reserved 1048576K
}
Event: 29.250 GC heap after
{Heap after GC invocations=40 (full 0):
 garbage-first heap   total 234496K, used 125440K [0x0000000080000000, 0x0000000100000000)
  region size 1024K, 7 young (7168K), 7 survivors (7168K)
 Metaspace       used 102070K, committed 102912K, reserved 1179648K
  class space    used 13866K, committed 14272K, reserved 1048576K
}
Event: 29.964 GC heap before
{Heap before GC invocations=40 (full 0):
 garbage-first heap   total 234496K, used 184832K [0x0000000080000000, 0x0000000100000000)
  region size 1024K, 66 young (67584K), 7 survivors (7168K)
 Metaspace       used 104743K, committed 105536K, reserved 1179648K
  class space    used 14102K, committed 14528K, reserved 1048576K
}
Event: 29.981 GC heap after
{Heap after GC invocations=41 (full 0):
 garbage-first heap   total 234496K, used 130440K [0x0000000080000000, 0x0000000100000000)
  region size 1024K, 6 young (6144K), 6 survivors (6144K)
 Metaspace       used 104743K, committed 105536K, reserved 1179648K
  class space    used 14102K, committed 14528K, reserved 1048576K
}
Event: 30.456 GC heap before
{Heap before GC invocations=41 (full 0):
 garbage-first heap   total 234496K, used 188808K [0x0000000080000000, 0x0000000100000000)
  region size 1024K, 63 young (64512K), 6 survivors (6144K)
 Metaspace       used 105280K, committed 106112K, reserved 1179648K
  class space    used 14149K, committed 14592K, reserved 1048576K
}

